c:\users\10558\desktop\程序设计基础作业\programdesign\大一下\protect1\shopsystem\shopsystem\debug\vc141.pdb
c:\users\10558\desktop\程序设计基础作业\programdesign\大一下\protect1\shopsystem\shopsystem\debug\vc141.idb
c:\users\10558\desktop\程序设计基础作业\programdesign\大一下\protect1\shopsystem\shopsystem\debug\main.nativecodeanalysis.xml
c:\users\10558\desktop\程序设计基础作业\programdesign\大一下\protect1\shopsystem\shopsystem\debug\admin.nativecodeanalysis.xml
c:\users\10558\desktop\程序设计基础作业\programdesign\大一下\protect1\shopsystem\shopsystem\debug\admin.obj
c:\users\10558\desktop\程序设计基础作业\programdesign\大一下\protect1\shopsystem\shopsystem\debug\main.obj
c:\users\10558\desktop\程序设计基础作业\programdesign\大一下\protect1\shopsystem\shopsystem\debug\user.nativecodeanalysis.xml
c:\users\10558\desktop\程序设计基础作业\programdesign\大一下\protect1\shopsystem\shopsystem\debug\shop.nativecodeanalysis.xml
c:\users\10558\desktop\程序设计基础作业\programdesign\大一下\protect1\shopsystem\shopsystem\debug\shop.obj
c:\users\10558\desktop\程序设计基础作业\programdesign\大一下\protect1\shopsystem\shopsystem\debug\user.obj
c:\users\10558\desktop\程序设计基础作业\programdesign\大一下\protect1\shopsystem\shopsystem\debug\shop.obj.enc
c:\users\10558\desktop\程序设计基础作业\programdesign\大一下\protect1\shopsystem\shopsystem\debug\nativecodeanalysis.read.1.tlog
c:\users\10558\desktop\程序设计基础作业\programdesign\大一下\protect1\shopsystem\shopsystem\debug\vc.nativecodeanalysis.all.xml
c:\users\10558\desktop\程序设计基础作业\programdesign\大一下\protect1\shopsystem\debug\shopsystem.pdb
c:\users\10558\desktop\程序设计基础作业\programdesign\大一下\protect1\shopsystem\debug\shopsystem.exe.lastcodeanalysissucceeded
c:\users\10558\desktop\程序设计基础作业\programdesign\大一下\protect1\shopsystem\shopsystem\debug\shopsystem.tlog\cl.command.1.tlog
c:\users\10558\desktop\程序设计基础作业\programdesign\大一下\protect1\shopsystem\shopsystem\debug\shopsystem.tlog\cl.read.1.tlog
c:\users\10558\desktop\程序设计基础作业\programdesign\大一下\protect1\shopsystem\shopsystem\debug\shopsystem.tlog\cl.write.1.tlog
c:\users\10558\desktop\程序设计基础作业\programdesign\大一下\protect1\shopsystem\shopsystem\debug\shopsystem.tlog\link.command.1.tlog
c:\users\10558\desktop\程序设计基础作业\programdesign\大一下\protect1\shopsystem\shopsystem\debug\shopsystem.tlog\link.read.1.tlog
c:\users\10558\desktop\程序设计基础作业\programdesign\大一下\protect1\shopsystem\shopsystem\debug\shopsystem.tlog\link.write.1.tlog
